[2018-02-25 08:22:23] log.WARNING: Curl exception encountered. [] []
[2018-02-25 08:22:23] log.WARNING: Request Failure: {"method":"GET","uri":"http://localhoste:9200/_cluster/stats","headers":{"Host":["localhoste:9200"],"Content-Type":["application/json"],"Accept":["application/json"]},"HTTP code":null,"duration":0.013117,"error":"cURL error 6: Could not resolve host: localhoste"} []
[2018-02-25 08:22:23] log.WARNING: Response [null] []
[2018-02-25 08:22:23] log.WARNING: Marking node localhoste:9200 dead. [] []
[2018-02-25 08:22:23] log.WARNING: Retries left? true [] []
[2018-02-25 08:22:23] log.CRITICAL: No alive nodes found in cluster [] []
[2018-02-25 08:22:34] log.WARNING: Curl exception encountered. [] []
[2018-02-25 08:22:34] log.WARNING: Request Failure: {"method":"GET","uri":"http://localhoste:9200/_cluster/stats","headers":{"Host":["localhoste:9200"],"Content-Type":["application/json"],"Accept":["application/json"]},"HTTP code":null,"duration":4.7e-5,"error":"cURL error 6: Could not resolve host: localhoste"} []
[2018-02-25 08:22:34] log.WARNING: Response [null] []
[2018-02-25 08:22:34] log.WARNING: Marking node localhoste:9200 dead. [] []
[2018-02-25 08:22:34] log.WARNING: Retries left? true [] []
[2018-02-25 08:22:34] log.CRITICAL: No alive nodes found in cluster [] []
[2018-02-25 08:23:31] log.WARNING: Curl exception encountered. [] []
[2018-02-25 08:23:31] log.WARNING: Request Failure: {"method":"GET","uri":"http://localhoste:9200/_cluster/stats","headers":{"Host":["localhoste:9200"],"Content-Type":["application/json"],"Accept":["application/json"]},"HTTP code":null,"duration":5.0e-5,"error":"cURL error 6: Could not resolve host: localhoste"} []
[2018-02-25 08:23:31] log.WARNING: Response [null] []
[2018-02-25 08:23:31] log.WARNING: Marking node localhoste:9200 dead. [] []
[2018-02-25 08:23:31] log.WARNING: Retries left? true [] []
[2018-02-25 08:23:31] log.CRITICAL: No alive nodes found in cluster [] []
[2018-02-25 08:24:23] log.WARNING: Curl exception encountered. [] []
[2018-02-25 08:24:23] log.WARNING: Request Failure: {"method":"GET","uri":"http://localhoste:9200/_cluster/stats","headers":{"Host":["localhoste:9200"],"Content-Type":["application/json"],"Accept":["application/json"]},"HTTP code":null,"duration":4.7e-5,"error":"cURL error 6: Could not resolve host: localhoste"} []
[2018-02-25 08:24:23] log.WARNING: Response [null] []
[2018-02-25 08:24:23] log.WARNING: Marking node localhoste:9200 dead. [] []
[2018-02-25 08:24:23] log.WARNING: Retries left? true [] []
[2018-02-25 08:24:23] log.CRITICAL: No alive nodes found in cluster [] []
[2018-02-25 08:24:40] log.WARNING: Curl exception encountered. [] []
[2018-02-25 08:24:40] log.WARNING: Request Failure: {"method":"GET","uri":"http://localhoste:9200/_cluster/stats","headers":{"Host":["localhoste:9200"],"Content-Type":["application/json"],"Accept":["application/json"]},"HTTP code":null,"duration":4.6e-5,"error":"cURL error 6: Could not resolve host: localhoste"} []
[2018-02-25 08:24:40] log.WARNING: Response [null] []
[2018-02-25 08:24:40] log.WARNING: Marking node localhoste:9200 dead. [] []
[2018-02-25 08:24:40] log.WARNING: Retries left? true [] []
[2018-02-25 08:24:40] log.CRITICAL: No alive nodes found in cluster [] []
[2018-02-25 08:25:34] log.WARNING: Curl exception encountered. [] []
[2018-02-25 08:25:34] log.WARNING: Request Failure: {"method":"GET","uri":"http://localhoste:9200/_cluster/stats","headers":{"Host":["localhoste:9200"],"Content-Type":["application/json"],"Accept":["application/json"]},"HTTP code":null,"duration":4.7e-5,"error":"cURL error 6: Could not resolve host: localhoste"} []
[2018-02-25 08:25:34] log.WARNING: Response [null] []
[2018-02-25 08:25:34] log.WARNING: Marking node localhoste:9200 dead. [] []
[2018-02-25 08:25:34] log.WARNING: Retries left? true [] []
[2018-02-25 08:25:34] log.CRITICAL: No alive nodes found in cluster [] []
[2018-02-25 08:25:35] log.WARNING: Curl exception encountered. [] []
[2018-02-25 08:25:35] log.WARNING: Request Failure: {"method":"GET","uri":"http://localhoste:9200/_cluster/stats","headers":{"Host":["localhoste:9200"],"Content-Type":["application/json"],"Accept":["application/json"]},"HTTP code":null,"duration":4.3e-5,"error":"cURL error 6: Could not resolve host: localhoste"} []
[2018-02-25 08:25:35] log.WARNING: Response [null] []
[2018-02-25 08:25:35] log.WARNING: Marking node localhoste:9200 dead. [] []
[2018-02-25 08:25:35] log.WARNING: Retries left? true [] []
[2018-02-25 08:25:35] log.CRITICAL: No alive nodes found in cluster [] []
[2018-02-25 08:26:49] log.WARNING: Curl exception encountered. [] []
[2018-02-25 08:26:49] log.WARNING: Request Failure: {"method":"GET","uri":"http://localhoste:9200/_cluster/stats","headers":{"Host":["localhoste:9200"],"Content-Type":["application/json"],"Accept":["application/json"]},"HTTP code":null,"duration":5.6e-5,"error":"cURL error 6: Could not resolve host: localhoste"} []
[2018-02-25 08:26:49] log.WARNING: Response [null] []
[2018-02-25 08:26:49] log.WARNING: Marking node localhoste:9200 dead. [] []
[2018-02-25 08:26:49] log.WARNING: Retries left? true [] []
[2018-02-25 08:26:49] log.CRITICAL: No alive nodes found in cluster [] []
[2018-02-25 08:27:53] log.WARNING: Curl exception encountered. [] []
[2018-02-25 08:27:53] log.WARNING: Request Failure: {"method":"GET","uri":"http://localhoste:9200/_cluster/stats","headers":{"Host":["localhoste:9200"],"Content-Type":["application/json"],"Accept":["application/json"]},"HTTP code":null,"duration":4.2e-5,"error":"cURL error 6: Could not resolve host: localhoste"} []
[2018-02-25 08:27:53] log.WARNING: Response [null] []
[2018-02-25 08:27:53] log.WARNING: Marking node localhoste:9200 dead. [] []
[2018-02-25 08:27:53] log.WARNING: Retries left? true [] []
[2018-02-25 08:27:53] log.CRITICAL: No alive nodes found in cluster [] []
[2018-02-25 08:28:46] log.WARNING: Curl exception encountered. [] []
[2018-02-25 08:28:46] log.WARNING: Request Failure: {"method":"GET","uri":"http://localhoste:9200/_cluster/stats","headers":{"Host":["localhoste:9200"],"Content-Type":["application/json"],"Accept":["application/json"]},"HTTP code":null,"duration":8.9e-5,"error":"cURL error 6: Could not resolve host: localhoste"} []
[2018-02-25 08:28:46] log.WARNING: Response [null] []
[2018-02-25 08:28:46] log.WARNING: Marking node localhoste:9200 dead. [] []
[2018-02-25 08:28:46] log.WARNING: Retries left? true [] []
[2018-02-25 08:28:46] log.CRITICAL: No alive nodes found in cluster [] []
[2018-02-25 08:30:05] log.WARNING: Curl exception encountered. [] []
[2018-02-25 08:30:05] log.WARNING: Request Failure: {"method":"GET","uri":"http://localhoste:9200/_cluster/stats","headers":{"Host":["localhoste:9200"],"Content-Type":["application/json"],"Accept":["application/json"]},"HTTP code":null,"duration":9.7e-5,"error":"cURL error 6: Could not resolve host: localhoste"} []
[2018-02-25 08:30:05] log.WARNING: Response [null] []
[2018-02-25 08:30:05] log.WARNING: Marking node localhoste:9200 dead. [] []
[2018-02-25 08:30:05] log.WARNING: Retries left? true [] []
[2018-02-25 08:30:05] log.CRITICAL: No alive nodes found in cluster [] []
[2018-02-25 08:30:05] log.CRITICAL: No alive nodes found in cluster [] []
[2018-02-25 08:30:32] log.WARNING: Curl exception encountered. [] []
[2018-02-25 08:30:32] log.WARNING: Request Failure: {"method":"GET","uri":"http://localhoste:9200/_cluster/stats","headers":{"Host":["localhoste:9200"],"Content-Type":["application/json"],"Accept":["application/json"]},"HTTP code":null,"duration":4.6e-5,"error":"cURL error 6: Could not resolve host: localhoste"} []
[2018-02-25 08:30:32] log.WARNING: Response [null] []
[2018-02-25 08:30:32] log.WARNING: Marking node localhoste:9200 dead. [] []
[2018-02-25 08:30:32] log.WARNING: Retries left? true [] []
[2018-02-25 08:30:32] log.CRITICAL: No alive nodes found in cluster [] []
[2018-02-25 08:30:32] log.CRITICAL: No alive nodes found in cluster [] []
[2018-02-25 12:07:21] log.WARNING: Curl exception encountered. [] []
[2018-02-25 12:07:21] log.WARNING: Request Failure: {"method":"GET","uri":"http://127.0.0.1:3306/_cat/indices","headers":{"Host":["127.0.0.1:3306"],"Content-Type":["application/json"],"Accept":["application/json"]},"HTTP code":null,"duration":0.00463,"error":"cURL error 7: Failed to connect to 127.0.0.1 port 3306: Connection refused"} []
[2018-02-25 12:07:21] log.WARNING: Response [null] []
[2018-02-25 12:07:21] log.WARNING: Marking node 127.0.0.1:3306 dead. [] []
[2018-02-25 12:07:21] log.WARNING: Retries left? true [] []
[2018-02-25 12:07:21] log.CRITICAL: No alive nodes found in cluster [] []
[2018-02-25 12:08:18] log.WARNING: Curl exception encountered. [] []
[2018-02-25 12:08:18] log.WARNING: Request Failure: {"method":"GET","uri":"http://127.0.0.1:3306/_cat/indices","headers":{"Host":["127.0.0.1:3306"],"Content-Type":["application/json"],"Accept":["application/json"]},"HTTP code":null,"duration":0.000175,"error":"cURL error 7: Failed to connect to 127.0.0.1 port 3306: Connection refused"} []
[2018-02-25 12:08:18] log.WARNING: Response [null] []
[2018-02-25 12:08:18] log.WARNING: Marking node 127.0.0.1:3306 dead. [] []
[2018-02-25 12:08:18] log.WARNING: Retries left? true [] []
[2018-02-25 12:08:18] log.CRITICAL: No alive nodes found in cluster [] []
